2020-02-29 13:40:59.595084: I tensorflow/core/platform/cpu_feature_guard.cc:142] Your CPU supports instructions that this TensorFlow binary was not compiled to use: AVX2 FMA
2020-02-29 13:40:59.599530: I tensorflow/stream_executor/platform/default/dso_loader.cc:42] Successfully opened dynamic library libcuda.so.1
2020-02-29 13:40:59.600640: E tensorflow/stream_executor/cuda/cuda_driver.cc:318] failed call to cuInit: CUDA_ERROR_UNKNOWN: unknown error
2020-02-29 13:40:59.600684: I tensorflow/stream_executor/cuda/cuda_diagnostics.cc:169] retrieving CUDA diagnostic information for host: Precision
2020-02-29 13:40:59.600689: I tensorflow/stream_executor/cuda/cuda_diagnostics.cc:176] hostname: Precision
2020-02-29 13:40:59.600745: I tensorflow/stream_executor/cuda/cuda_diagnostics.cc:200] libcuda reported version is: 440.59.0
2020-02-29 13:40:59.600783: I tensorflow/stream_executor/cuda/cuda_diagnostics.cc:204] kernel reported version is: 440.59.0
2020-02-29 13:40:59.600788: I tensorflow/stream_executor/cuda/cuda_diagnostics.cc:310] kernel version seems to match DSO: 440.59.0
2020-02-29 13:40:59.622667: I tensorflow/core/platform/profile_utils/cpu_utils.cc:94] CPU Frequency: 2592000000 Hz
2020-02-29 13:40:59.623729: I tensorflow/compiler/xla/service/service.cc:168] XLA service 0x3c97610 executing computations on platform Host. Devices:
2020-02-29 13:40:59.623751: I tensorflow/compiler/xla/service/service.cc:175]   StreamExecutor device (0): <undefined>, <undefined>
2020-02-29 13:40:59.643585: W tensorflow/compiler/jit/mark_for_compilation_pass.cc:1412] (One-time warning): Not using XLA:CPU for cluster because envvar TF_XLA_FLAGS=--tf_xla_cpu_global_jit was not set.  If you want XLA:CPU, either set that envvar, or use experimental_jit_scope to enable XLA:CPU.  To confirm that XLA is active, pass --vmodule=xla_compilation_cache=1 (as a proper command-line flag, not via TF_XLA_FLAGS) or set the envvar XLA_FLAGS=--xla_hlo_profile.
Using TensorFlow backend.
/home/ben/shiing/lib/python3.6/site-packages/tensorflow/python/framework/dtypes.py:516: FutureWarning: Passing (type, 1) or '1type' as a synonym of type is deprecated; in a future version of numpy, it will be understood as (type, (1,)) / '(1,)type'.
  _np_qint8 = np.dtype([("qint8", np.int8, 1)])
/home/ben/shiing/lib/python3.6/site-packages/tensorflow/python/framework/dtypes.py:517: FutureWarning: Passing (type, 1) or '1type' as a synonym of type is deprecated; in a future version of numpy, it will be understood as (type, (1,)) / '(1,)type'.
  _np_quint8 = np.dtype([("quint8", np.uint8, 1)])
/home/ben/shiing/lib/python3.6/site-packages/tensorflow/python/framework/dtypes.py:518: FutureWarning: Passing (type, 1) or '1type' as a synonym of type is deprecated; in a future version of numpy, it will be understood as (type, (1,)) / '(1,)type'.
  _np_qint16 = np.dtype([("qint16", np.int16, 1)])
/home/ben/shiing/lib/python3.6/site-packages/tensorflow/python/framework/dtypes.py:519: FutureWarning: Passing (type, 1) or '1type' as a synonym of type is deprecated; in a future version of numpy, it will be understood as (type, (1,)) / '(1,)type'.
  _np_quint16 = np.dtype([("quint16", np.uint16, 1)])
/home/ben/shiing/lib/python3.6/site-packages/tensorflow/python/framework/dtypes.py:520: FutureWarning: Passing (type, 1) or '1type' as a synonym of type is deprecated; in a future version of numpy, it will be understood as (type, (1,)) / '(1,)type'.
  _np_qint32 = np.dtype([("qint32", np.int32, 1)])
/home/ben/shiing/lib/python3.6/site-packages/tensorflow/python/framework/dtypes.py:525: FutureWarning: Passing (type, 1) or '1type' as a synonym of type is deprecated; in a future version of numpy, it will be understood as (type, (1,)) / '(1,)type'.
  np_resource = np.dtype([("resource", np.ubyte, 1)])
/home/ben/shiing/lib/python3.6/site-packages/tensorboard/compat/tensorflow_stub/dtypes.py:541: FutureWarning: Passing (type, 1) or '1type' as a synonym of type is deprecated; in a future version of numpy, it will be understood as (type, (1,)) / '(1,)type'.
  _np_qint8 = np.dtype([("qint8", np.int8, 1)])
/home/ben/shiing/lib/python3.6/site-packages/tensorboard/compat/tensorflow_stub/dtypes.py:542: FutureWarning: Passing (type, 1) or '1type' as a synonym of type is deprecated; in a future version of numpy, it will be understood as (type, (1,)) / '(1,)type'.
  _np_quint8 = np.dtype([("quint8", np.uint8, 1)])
/home/ben/shiing/lib/python3.6/site-packages/tensorboard/compat/tensorflow_stub/dtypes.py:543: FutureWarning: Passing (type, 1) or '1type' as a synonym of type is deprecated; in a future version of numpy, it will be understood as (type, (1,)) / '(1,)type'.
  _np_qint16 = np.dtype([("qint16", np.int16, 1)])
/home/ben/shiing/lib/python3.6/site-packages/tensorboard/compat/tensorflow_stub/dtypes.py:544: FutureWarning: Passing (type, 1) or '1type' as a synonym of type is deprecated; in a future version of numpy, it will be understood as (type, (1,)) / '(1,)type'.
  _np_quint16 = np.dtype([("quint16", np.uint16, 1)])
/home/ben/shiing/lib/python3.6/site-packages/tensorboard/compat/tensorflow_stub/dtypes.py:545: FutureWarning: Passing (type, 1) or '1type' as a synonym of type is deprecated; in a future version of numpy, it will be understood as (type, (1,)) / '(1,)type'.
  _np_qint32 = np.dtype([("qint32", np.int32, 1)])
/home/ben/shiing/lib/python3.6/site-packages/tensorboard/compat/tensorflow_stub/dtypes.py:550: FutureWarning: Passing (type, 1) or '1type' as a synonym of type is deprecated; in a future version of numpy, it will be understood as (type, (1,)) / '(1,)type'.
  np_resource = np.dtype([("resource", np.ubyte, 1)])
WARNING:tensorflow:From /home/ben/shiing/lib/python3.6/site-packages/keras/backend/tensorflow_backend.py:422: The name tf.global_variables is deprecated. Please use tf.compat.v1.global_variables instead.

the number of sample: 10000; number of parameters: 29312
Ratio: 0.100; P_value: 0.610; Type 1 error: 0.050
Ratio: 0.100; CASE 1: Power: 0.268
Ratio: 0.100; CASE 2: Power: 0.614
Ratio: 0.100; CASE 3: Power: 0.624
Ratio: 0.100; training sample: 8000; MSE: 1.131(0.368), MSE_mask: 1.183(0.728)
Ratio: 0.200; P_value: 0.645; Type 1 error: 0.035
Ratio: 0.200; CASE 1: Power: 0.387
Ratio: 0.200; CASE 2: Power: 0.846
Ratio: 0.200; CASE 3: Power: 0.868
Ratio: 0.200; training sample: 6000; MSE: 1.151(0.437), MSE_mask: 1.182(0.675)
Ratio: 0.300; P_value: 0.682; Type 1 error: 0.036
Ratio: 0.300; CASE 1: Power: 0.510
Ratio: 0.300; CASE 2: Power: 0.937
Ratio: 0.300; CASE 3: Power: 0.940
Ratio: 0.300; training sample: 4000; MSE: 1.162(0.408), MSE_mask: 1.165(0.566)
Ratio: 0.400; P_value: 0.687; Type 1 error: 0.053
Ratio: 0.400; CASE 1: Power: 0.579
Ratio: 0.400; CASE 2: Power: 0.968
Ratio: 0.400; CASE 3: Power: 0.968
Ratio: 0.400; training sample: 2000; MSE: 1.196(0.351), MSE_mask: 1.247(0.689)
