## permutation test 

N: 2000; B: 0.2
Type 1 error: 0.040
CASE 1: Power: 0.390
CASE 2: Power: 0.950
CASE 3: Power: 0.920

N: 2000; B: 0.4
Type 1 error: 0.000
CASE 1: Power: 0.510
CASE 2: Power: 0.990
CASE 3: Power: 0.990

N: 6000; B: .2
Type 1 error: 0.110
CASE 1: Power: 0.910
CASE 2: Power: 1.000
CASE 3: Power: 1.000


## pOIS test

N: 2000; B: 0.4; 'close'; 'mask'; [.2 - .7]
Type 1 error: 0.030
CASE 1: Power: 0.390
CASE 2: Power: 0.890
CASE 3: Power: 0.920

N: 2000; B: 0.4; 'close'; 'perm'; [.2 - .7]
Type 1 error: 0.080
CASE 1: Power: 0.510
CASE 2: Power: 0.920
CASE 3: Power: 0.910

N: 2000; B: 0.4; 'min'; 'perm'; [.2 - .7]
Type 1 error: 0.120
CASE 1: Power: 0.470
CASE 2: Power: 0.940
CASE 3: Power: 0.980

N: 6000; B: 0.4; 'close'; 'mask'; 
Type 1 error: 0.040
CASE 1: Power: 0.850
CASE 2: Power: 1.000
CASE 3: Power: 1.000


N: 6000; B: 0.2;

{'split': 'one-sample',
 'perturb': None,
 'num_perm': 1000,
 'ratio_grid': [0.4, 0.5, 0.6, 0.7, 0.8],
 'perturb_grid': [0.01, 0.05, 0.1, 0.5, 1.0],
 'min_inf': 100,
 'min_est': 3000,
 'metric': 'close',
 'verbose': 1}
 
CASE 0: Type 1 error: 0.110
CASE 1: Type 1 error: 0.040
CASE 2: Power: 0.390
CASE 3: Power: 0.850
CASE 4: Power: 0.950
