Using TensorFlow backend.
WARNING: Logging before flag parsing goes to stderr.
W0216 00:52:15.278462 139961377265472 deprecation_wrapper.py:119] From /home/ben/anaconda3/envs/taylor/lib/python3.6/site-packages/keras/backend/tensorflow_backend.py:74: The name tf.get_default_graph is deprecated. Please use tf.compat.v1.get_default_graph instead.

W0216 00:52:15.297419 139961377265472 deprecation_wrapper.py:119] From /home/ben/anaconda3/envs/taylor/lib/python3.6/site-packages/keras/backend/tensorflow_backend.py:517: The name tf.placeholder is deprecated. Please use tf.compat.v1.placeholder instead.

W0216 00:52:15.299274 139961377265472 deprecation_wrapper.py:119] From /home/ben/anaconda3/envs/taylor/lib/python3.6/site-packages/keras/backend/tensorflow_backend.py:4138: The name tf.random_uniform is deprecated. Please use tf.random.uniform instead.

W0216 00:52:15.345679 139961377265472 deprecation_wrapper.py:119] From /home/ben/anaconda3/envs/taylor/lib/python3.6/site-packages/keras/optimizers.py:790: The name tf.train.Optimizer is deprecated. Please use tf.compat.v1.train.Optimizer instead.

W0216 00:52:15.433527 139961377265472 deprecation_wrapper.py:119] From /home/ben/anaconda3/envs/taylor/lib/python3.6/site-packages/keras/backend/tensorflow_backend.py:986: The name tf.assign_add is deprecated. Please use tf.compat.v1.assign_add instead.

W0216 00:52:15.464909 139961377265472 deprecation_wrapper.py:119] From /home/ben/anaconda3/envs/taylor/lib/python3.6/site-packages/keras/backend/tensorflow_backend.py:973: The name tf.assign is deprecated. Please use tf.compat.v1.assign instead.

2020-02-16 00:52:15.483564: I tensorflow/core/platform/cpu_feature_guard.cc:142] Your CPU supports instructions that this TensorFlow binary was not compiled to use: SSE4.1 SSE4.2 AVX AVX2 FMA
2020-02-16 00:52:15.487746: I tensorflow/core/platform/profile_utils/cpu_utils.cc:94] CPU Frequency: 3699850000 Hz
2020-02-16 00:52:15.488135: I tensorflow/compiler/xla/service/service.cc:168] XLA service 0x556b16940a80 executing computations on platform Host. Devices:
2020-02-16 00:52:15.488165: I tensorflow/compiler/xla/service/service.cc:175]   StreamExecutor device (0): <undefined>, <undefined>
2020-02-16 00:52:15.488925: I tensorflow/stream_executor/platform/default/dso_loader.cc:42] Successfully opened dynamic library libcuda.so.1
2020-02-16 00:52:15.496006: E tensorflow/stream_executor/cuda/cuda_driver.cc:318] failed call to cuInit: CUDA_ERROR_NO_DEVICE: no CUDA-capable device is detected
2020-02-16 00:52:15.496058: I tensorflow/stream_executor/cuda/cuda_diagnostics.cc:156] kernel driver does not appear to be running on this host (Gibbs): /proc/driver/nvidia/version does not exist
2020-02-16 00:52:15.557920: W tensorflow/compiler/jit/mark_for_compilation_pass.cc:1412] (One-time warning): Not using XLA:CPU for cluster because envvar TF_XLA_FLAGS=--tf_xla_cpu_global_jit was not set.  If you want XLA:CPU, either set that envvar, or use experimental_jit_scope to enable XLA:CPU.  To confirm that XLA is active, pass --vmodule=xla_compilation_cache=1 (as a proper command-line flag, not via TF_XLA_FLAGS) or set the envvar XLA_FLAGS=--xla_hlo_profile.
the number of training sample: 1000; number of parameters: 29312
mean Y: 3.137
Restoring model weights from the end of the best epoch
Epoch 00019: early stopping
Restoring model weights from the end of the best epoch
Epoch 00020: early stopping
accept H0 with p_value: 0.282
Restoring model weights from the end of the best epoch
Epoch 00022: early stopping
Restoring model weights from the end of the best epoch
Epoch 00017: early stopping
reject H0 with p_value: 0.014
Restoring model weights from the end of the best epoch
Epoch 00019: early stopping
Restoring model weights from the end of the best epoch
Epoch 00015: early stopping
reject H0 with p_value: 0.000
Restoring model weights from the end of the best epoch
Epoch 00020: early stopping
Restoring model weights from the end of the best epoch
Epoch 00017: early stopping
reject H0 with p_value: 0.000
mean Y: 3.534
Restoring model weights from the end of the best epoch
Epoch 00016: early stopping
Restoring model weights from the end of the best epoch
Epoch 00021: early stopping
accept H0 with p_value: 0.347
Restoring model weights from the end of the best epoch
Epoch 00018: early stopping
Restoring model weights from the end of the best epoch
Epoch 00018: early stopping
reject H0 with p_value: 0.000
Restoring model weights from the end of the best epoch
Epoch 00023: early stopping
Restoring model weights from the end of the best epoch
Epoch 00016: early stopping
reject H0 with p_value: 0.000
Restoring model weights from the end of the best epoch
Epoch 00018: early stopping
Restoring model weights from the end of the best epoch
Epoch 00017: early stopping
reject H0 with p_value: 0.000
mean Y: 3.361
Restoring model weights from the end of the best epoch
Epoch 00018: early stopping
Restoring model weights from the end of the best epoch
Epoch 00020: early stopping
accept H0 with p_value: 0.786
Restoring model weights from the end of the best epoch
Epoch 00020: early stopping
Restoring model weights from the end of the best epoch
Epoch 00018: early stopping
reject H0 with p_value: 0.039
Restoring model weights from the end of the best epoch
Epoch 00020: early stopping
Restoring model weights from the end of the best epoch
Epoch 00019: early stopping
reject H0 with p_value: 0.000
Restoring model weights from the end of the best epoch
Epoch 00023: early stopping
Restoring model weights from the end of the best epoch
Epoch 00016: early stopping
reject H0 with p_value: 0.000
mean Y: 3.225
Restoring model weights from the end of the best epoch
Epoch 00025: early stopping
Restoring model weights from the end of the best epoch
Epoch 00018: early stopping
accept H0 with p_value: 0.593
Restoring model weights from the end of the best epoch
Epoch 00021: early stopping
Restoring model weights from the end of the best epoch
Epoch 00017: early stopping
accept H0 with p_value: 0.539
Restoring model weights from the end of the best epoch
Epoch 00026: early stopping
Restoring model weights from the end of the best epoch
Epoch 00018: early stopping
reject H0 with p_value: 0.000
Restoring model weights from the end of the best epoch
Epoch 00021: early stopping
Restoring model weights from the end of the best epoch
Epoch 00017: early stopping
reject H0 with p_value: 0.015
mean Y: 3.248
Restoring model weights from the end of the best epoch
Epoch 00017: early stopping
Restoring model weights from the end of the best epoch
Epoch 00020: early stopping
accept H0 with p_value: 0.691
Restoring model weights from the end of the best epoch
Epoch 00017: early stopping
Restoring model weights from the end of the best epoch
Epoch 00019: early stopping
accept H0 with p_value: 0.057
Restoring model weights from the end of the best epoch
Epoch 00019: early stopping
Restoring model weights from the end of the best epoch
Epoch 00017: early stopping
reject H0 with p_value: 0.000
Restoring model weights from the end of the best epoch
Epoch 00019: early stopping
Restoring model weights from the end of the best epoch
Epoch 00018: early stopping
reject H0 with p_value: 0.000
mean Y: 3.259
Restoring model weights from the end of the best epoch
Epoch 00026: early stopping
Restoring model weights from the end of the best epoch
Epoch 00021: early stopping
accept H0 with p_value: 0.913
Restoring model weights from the end of the best epoch
Epoch 00019: early stopping
Restoring model weights from the end of the best epoch
Epoch 00017: early stopping
reject H0 with p_value: 0.003
Restoring model weights from the end of the best epoch
Epoch 00023: early stopping
Restoring model weights from the end of the best epoch
Epoch 00018: early stopping
reject H0 with p_value: 0.000
Restoring model weights from the end of the best epoch
Epoch 00017: early stopping
Restoring model weights from the end of the best epoch
Epoch 00018: early stopping
reject H0 with p_value: 0.001
mean Y: 3.381
Restoring model weights from the end of the best epoch
Epoch 00019: early stopping
Restoring model weights from the end of the best epoch
Epoch 00019: early stopping
accept H0 with p_value: 0.982
Restoring model weights from the end of the best epoch
Epoch 00021: early stopping
Restoring model weights from the end of the best epoch
Epoch 00016: early stopping
reject H0 with p_value: 0.012
Restoring model weights from the end of the best epoch
Epoch 00018: early stopping
Restoring model weights from the end of the best epoch
Epoch 00016: early stopping
reject H0 with p_value: 0.000
Restoring model weights from the end of the best epoch
Epoch 00018: early stopping
Restoring model weights from the end of the best epoch
Epoch 00021: early stopping
reject H0 with p_value: 0.000
mean Y: 3.279
Restoring model weights from the end of the best epoch
Epoch 00026: early stopping
Restoring model weights from the end of the best epoch
Epoch 00019: early stopping
accept H0 with p_value: 0.927
Restoring model weights from the end of the best epoch
Epoch 00019: early stopping
Restoring model weights from the end of the best epoch
Epoch 00019: early stopping
reject H0 with p_value: 0.038
Restoring model weights from the end of the best epoch
Epoch 00019: early stopping
Restoring model weights from the end of the best epoch
Epoch 00017: early stopping
reject H0 with p_value: 0.000
Restoring model weights from the end of the best epoch
Epoch 00025: early stopping
Restoring model weights from the end of the best epoch
Epoch 00016: early stopping
reject H0 with p_value: 0.000
mean Y: 3.388
Restoring model weights from the end of the best epoch
Epoch 00019: early stopping
Restoring model weights from the end of the best epoch
Epoch 00018: early stopping
accept H0 with p_value: 0.892
Restoring model weights from the end of the best epoch
Epoch 00019: early stopping
Restoring model weights from the end of the best epoch
Epoch 00018: early stopping
reject H0 with p_value: 0.001
Restoring model weights from the end of the best epoch
Epoch 00026: early stopping
Restoring model weights from the end of the best epoch
Epoch 00016: early stopping
reject H0 with p_value: 0.000
Restoring model weights from the end of the best epoch
Epoch 00022: early stopping
Restoring model weights from the end of the best epoch
Epoch 00019: early stopping
reject H0 with p_value: 0.000
mean Y: 3.201
Restoring model weights from the end of the best epoch
Epoch 00020: early stopping
Restoring model weights from the end of the best epoch
Epoch 00020: early stopping
accept H0 with p_value: 0.292
Restoring model weights from the end of the best epoch
Epoch 00022: early stopping
Restoring model weights from the end of the best epoch
Epoch 00018: early stopping
reject H0 with p_value: 0.005
Restoring model weights from the end of the best epoch
Epoch 00021: early stopping
Restoring model weights from the end of the best epoch
Epoch 00020: early stopping
reject H0 with p_value: 0.000
Restoring model weights from the end of the best epoch
Epoch 00022: early stopping
Restoring model weights from the end of the best epoch
Epoch 00018: early stopping
reject H0 with p_value: 0.000
mean Y: 3.200
Restoring model weights from the end of the best epoch
Epoch 00019: early stopping
Restoring model weights from the end of the best epoch
Epoch 00024: early stopping
accept H0 with p_value: 0.692
Restoring model weights from the end of the best epoch
Epoch 00021: early stopping
Restoring model weights from the end of the best epoch
Epoch 00020: early stopping
reject H0 with p_value: 0.001
Restoring model weights from the end of the best epoch
Epoch 00021: early stopping
Restoring model weights from the end of the best epoch
Epoch 00018: early stopping
reject H0 with p_value: 0.000
Restoring model weights from the end of the best epoch
Epoch 00021: early stopping
Restoring model weights from the end of the best epoch
Epoch 00015: early stopping
reject H0 with p_value: 0.001
mean Y: 3.169
Restoring model weights from the end of the best epoch
Epoch 00023: early stopping
Restoring model weights from the end of the best epoch
Epoch 00021: early stopping
reject H0 with p_value: 0.022
Restoring model weights from the end of the best epoch
Epoch 00021: early stopping
Restoring model weights from the end of the best epoch
Epoch 00017: early stopping
reject H0 with p_value: 0.000
Restoring model weights from the end of the best epoch
Epoch 00018: early stopping
Restoring model weights from the end of the best epoch
Epoch 00019: early stopping
reject H0 with p_value: 0.000
Restoring model weights from the end of the best epoch
Epoch 00021: early stopping
Restoring model weights from the end of the best epoch
Epoch 00018: early stopping
reject H0 with p_value: 0.000
mean Y: 3.295
Restoring model weights from the end of the best epoch
Epoch 00018: early stopping
Restoring model weights from the end of the best epoch
Epoch 00020: early stopping
accept H0 with p_value: 0.786
Restoring model weights from the end of the best epoch
Epoch 00030: early stopping
Restoring model weights from the end of the best epoch
Epoch 00015: early stopping
reject H0 with p_value: 0.012
Restoring model weights from the end of the best epoch
Epoch 00027: early stopping
Restoring model weights from the end of the best epoch
Epoch 00015: early stopping
reject H0 with p_value: 0.000
Restoring model weights from the end of the best epoch
Epoch 00022: early stopping
Restoring model weights from the end of the best epoch
Epoch 00019: early stopping
reject H0 with p_value: 0.000
mean Y: 3.215
Restoring model weights from the end of the best epoch
Epoch 00021: early stopping
Restoring model weights from the end of the best epoch
Epoch 00020: early stopping
accept H0 with p_value: 0.910
Restoring model weights from the end of the best epoch
Epoch 00019: early stopping
Restoring model weights from the end of the best epoch
Epoch 00017: early stopping
reject H0 with p_value: 0.008
Restoring model weights from the end of the best epoch
Epoch 00021: early stopping
Restoring model weights from the end of the best epoch
Epoch 00017: early stopping
reject H0 with p_value: 0.000
Restoring model weights from the end of the best epoch
Epoch 00017: early stopping
Restoring model weights from the end of the best epoch
Epoch 00019: early stopping
reject H0 with p_value: 0.001
mean Y: 3.320
Restoring model weights from the end of the best epoch
Epoch 00020: early stopping
Restoring model weights from the end of the best epoch
Epoch 00019: early stopping
accept H0 with p_value: 0.442
Restoring model weights from the end of the best epoch
Epoch 00019: early stopping
Restoring model weights from the end of the best epoch
Epoch 00016: early stopping
reject H0 with p_value: 0.001
Restoring model weights from the end of the best epoch
Epoch 00022: early stopping
Restoring model weights from the end of the best epoch
Epoch 00017: early stopping
reject H0 with p_value: 0.000
Restoring model weights from the end of the best epoch
Epoch 00024: early stopping
Restoring model weights from the end of the best epoch
Epoch 00017: early stopping
reject H0 with p_value: 0.000
mean Y: 3.281
Restoring model weights from the end of the best epoch
Epoch 00017: early stopping
Restoring model weights from the end of the best epoch
Epoch 00022: early stopping
accept H0 with p_value: 0.291
Restoring model weights from the end of the best epoch
Epoch 00020: early stopping
Restoring model weights from the end of the best epoch
Epoch 00011: early stopping
reject H0 with p_value: 0.000
Restoring model weights from the end of the best epoch
Epoch 00018: early stopping
Restoring model weights from the end of the best epoch
Epoch 00020: early stopping
reject H0 with p_value: 0.000
Restoring model weights from the end of the best epoch
Epoch 00019: early stopping
Restoring model weights from the end of the best epoch
Epoch 00017: early stopping
reject H0 with p_value: 0.000
mean Y: 3.302
Restoring model weights from the end of the best epoch
Epoch 00018: early stopping
Restoring model weights from the end of the best epoch
Epoch 00023: early stopping
accept H0 with p_value: 0.440
Restoring model weights from the end of the best epoch
Epoch 00020: early stopping
Restoring model weights from the end of the best epoch
Epoch 00023: early stopping
reject H0 with p_value: 0.037
Restoring model weights from the end of the best epoch
Epoch 00020: early stopping
Restoring model weights from the end of the best epoch
Epoch 00018: early stopping
reject H0 with p_value: 0.000
Restoring model weights from the end of the best epoch
Epoch 00026: early stopping
Restoring model weights from the end of the best epoch
Epoch 00015: early stopping
reject H0 with p_value: 0.000
mean Y: 3.125
Restoring model weights from the end of the best epoch
Epoch 00019: early stopping
Restoring model weights from the end of the best epoch
Epoch 00021: early stopping
accept H0 with p_value: 0.574
Restoring model weights from the end of the best epoch
Epoch 00021: early stopping
Restoring model weights from the end of the best epoch
Epoch 00021: early stopping
reject H0 with p_value: 0.000
Restoring model weights from the end of the best epoch
Epoch 00017: early stopping
Restoring model weights from the end of the best epoch
Epoch 00018: early stopping
reject H0 with p_value: 0.000
Restoring model weights from the end of the best epoch
Epoch 00019: early stopping
Restoring model weights from the end of the best epoch
Epoch 00016: early stopping
reject H0 with p_value: 0.000
mean Y: 3.382
Restoring model weights from the end of the best epoch
Epoch 00019: early stopping
Restoring model weights from the end of the best epoch
Epoch 00016: early stopping
accept H0 with p_value: 0.233
Restoring model weights from the end of the best epoch
Epoch 00020: early stopping
Restoring model weights from the end of the best epoch
Epoch 00018: early stopping
reject H0 with p_value: 0.000
Restoring model weights from the end of the best epoch
Epoch 00021: early stopping
Restoring model weights from the end of the best epoch
Epoch 00023: early stopping
reject H0 with p_value: 0.000
Restoring model weights from the end of the best epoch
Epoch 00023: early stopping
Restoring model weights from the end of the best epoch
Epoch 00020: early stopping
reject H0 with p_value: 0.000
mean Y: 3.214
Restoring model weights from the end of the best epoch
Epoch 00020: early stopping
Restoring model weights from the end of the best epoch
Epoch 00021: early stopping
accept H0 with p_value: 0.137
Restoring model weights from the end of the best epoch
Epoch 00020: early stopping
Restoring model weights from the end of the best epoch
Epoch 00018: early stopping
reject H0 with p_value: 0.012
Restoring model weights from the end of the best epoch
Epoch 00022: early stopping
Restoring model weights from the end of the best epoch
Epoch 00018: early stopping
reject H0 with p_value: 0.000
Restoring model weights from the end of the best epoch
Epoch 00021: early stopping
Restoring model weights from the end of the best epoch
Epoch 00022: early stopping
reject H0 with p_value: 0.000
mean Y: 3.418
Restoring model weights from the end of the best epoch
Epoch 00016: early stopping
Restoring model weights from the end of the best epoch
Epoch 00024: early stopping
accept H0 with p_value: 0.995
Restoring model weights from the end of the best epoch
Epoch 00018: early stopping
Restoring model weights from the end of the best epoch
Epoch 00017: early stopping
reject H0 with p_value: 0.001
Restoring model weights from the end of the best epoch
Epoch 00018: early stopping
Restoring model weights from the end of the best epoch
Epoch 00016: early stopping
reject H0 with p_value: 0.002
Restoring model weights from the end of the best epoch
Epoch 00017: early stopping
Restoring model weights from the end of the best epoch
Epoch 00021: early stopping
reject H0 with p_value: 0.001
mean Y: 3.432
Restoring model weights from the end of the best epoch
Epoch 00022: early stopping
Restoring model weights from the end of the best epoch
Epoch 00018: early stopping
accept H0 with p_value: 0.713
Restoring model weights from the end of the best epoch
Epoch 00018: early stopping
Restoring model weights from the end of the best epoch
Epoch 00019: early stopping
reject H0 with p_value: 0.000
Restoring model weights from the end of the best epoch
Epoch 00020: early stopping
Restoring model weights from the end of the best epoch
Epoch 00016: early stopping
reject H0 with p_value: 0.000
Restoring model weights from the end of the best epoch
Epoch 00021: early stopping
Restoring model weights from the end of the best epoch
Epoch 00015: early stopping
reject H0 with p_value: 0.000
mean Y: 3.267
Restoring model weights from the end of the best epoch
Epoch 00020: early stopping
Restoring model weights from the end of the best epoch
Epoch 00020: early stopping
accept H0 with p_value: 0.991
Restoring model weights from the end of the best epoch
Epoch 00016: early stopping
Restoring model weights from the end of the best epoch
Epoch 00016: early stopping
accept H0 with p_value: 0.209
Restoring model weights from the end of the best epoch
Epoch 00018: early stopping
Restoring model weights from the end of the best epoch
Epoch 00018: early stopping
reject H0 with p_value: 0.030
Restoring model weights from the end of the best epoch
Epoch 00018: early stopping
Restoring model weights from the end of the best epoch
Epoch 00020: early stopping
reject H0 with p_value: 0.001
mean Y: 3.342
Restoring model weights from the end of the best epoch
Epoch 00018: early stopping
Restoring model weights from the end of the best epoch
Epoch 00022: early stopping
accept H0 with p_value: 0.833
Restoring model weights from the end of the best epoch
Epoch 00021: early stopping
Restoring model weights from the end of the best epoch
Epoch 00022: early stopping
reject H0 with p_value: 0.004
Restoring model weights from the end of the best epoch
Epoch 00019: early stopping
Restoring model weights from the end of the best epoch
Epoch 00017: early stopping
reject H0 with p_value: 0.000
Restoring model weights from the end of the best epoch
Epoch 00022: early stopping
Restoring model weights from the end of the best epoch
Epoch 00018: early stopping
reject H0 with p_value: 0.000
mean Y: 3.254
Restoring model weights from the end of the best epoch
Epoch 00019: early stopping
Restoring model weights from the end of the best epoch
Epoch 00018: early stopping
accept H0 with p_value: 0.757
Restoring model weights from the end of the best epoch
Epoch 00020: early stopping
Restoring model weights from the end of the best epoch
Epoch 00019: early stopping
reject H0 with p_value: 0.000
Restoring model weights from the end of the best epoch
Epoch 00016: early stopping
Restoring model weights from the end of the best epoch
Epoch 00016: early stopping
reject H0 with p_value: 0.000
Restoring model weights from the end of the best epoch
Epoch 00018: early stopping
Restoring model weights from the end of the best epoch
Epoch 00015: early stopping
reject H0 with p_value: 0.000
mean Y: 3.223
Restoring model weights from the end of the best epoch
Epoch 00023: early stopping
Restoring model weights from the end of the best epoch
Epoch 00019: early stopping
accept H0 with p_value: 0.649
Restoring model weights from the end of the best epoch
Epoch 00019: early stopping
Restoring model weights from the end of the best epoch
Epoch 00017: early stopping
reject H0 with p_value: 0.003
Restoring model weights from the end of the best epoch
Epoch 00019: early stopping
Restoring model weights from the end of the best epoch
Epoch 00018: early stopping
reject H0 with p_value: 0.000
Restoring model weights from the end of the best epoch
Epoch 00022: early stopping
Restoring model weights from the end of the best epoch
Epoch 00017: early stopping
reject H0 with p_value: 0.000
mean Y: 3.293
Restoring model weights from the end of the best epoch
Epoch 00021: early stopping
Restoring model weights from the end of the best epoch
Epoch 00020: early stopping
accept H0 with p_value: 0.478
Restoring model weights from the end of the best epoch
Epoch 00018: early stopping
Restoring model weights from the end of the best epoch
Epoch 00018: early stopping
reject H0 with p_value: 0.002
Restoring model weights from the end of the best epoch
Epoch 00021: early stopping
Restoring model weights from the end of the best epoch
Epoch 00018: early stopping
reject H0 with p_value: 0.000
Restoring model weights from the end of the best epoch
Epoch 00017: early stopping
Restoring model weights from the end of the best epoch
Epoch 00018: early stopping
reject H0 with p_value: 0.000
mean Y: 3.148
Restoring model weights from the end of the best epoch
Epoch 00022: early stopping
Restoring model weights from the end of the best epoch
Epoch 00022: early stopping
accept H0 with p_value: 0.200
Restoring model weights from the end of the best epoch
Epoch 00017: early stopping
Restoring model weights from the end of the best epoch
Epoch 00022: early stopping
reject H0 with p_value: 0.000
Restoring model weights from the end of the best epoch
Epoch 00020: early stopping
Restoring model weights from the end of the best epoch
Epoch 00017: early stopping
reject H0 with p_value: 0.000
Restoring model weights from the end of the best epoch
Epoch 00017: early stopping
Restoring model weights from the end of the best epoch
Epoch 00019: early stopping
reject H0 with p_value: 0.000
mean Y: 3.565
Restoring model weights from the end of the best epoch
Epoch 00020: early stopping
Restoring model weights from the end of the best epoch
Epoch 00020: early stopping
accept H0 with p_value: 0.999
Restoring model weights from the end of the best epoch
Epoch 00022: early stopping
Restoring model weights from the end of the best epoch
Epoch 00020: early stopping
reject H0 with p_value: 0.000
Restoring model weights from the end of the best epoch
Epoch 00019: early stopping
Restoring model weights from the end of the best epoch
Epoch 00016: early stopping
reject H0 with p_value: 0.000
Restoring model weights from the end of the best epoch
Epoch 00021: early stopping
Restoring model weights from the end of the best epoch
Epoch 00015: early stopping
reject H0 with p_value: 0.000
mean Y: 3.380
Restoring model weights from the end of the best epoch
Epoch 00020: early stopping
Restoring model weights from the end of the best epoch
Epoch 00021: early stopping
accept H0 with p_value: 0.056
Restoring model weights from the end of the best epoch
Epoch 00022: early stopping
Restoring model weights from the end of the best epoch
Epoch 00019: early stopping
reject H0 with p_value: 0.001
Restoring model weights from the end of the best epoch
Epoch 00023: early stopping
Restoring model weights from the end of the best epoch
Epoch 00015: early stopping
reject H0 with p_value: 0.000
Restoring model weights from the end of the best epoch
Epoch 00018: early stopping
Restoring model weights from the end of the best epoch
Epoch 00019: early stopping
reject H0 with p_value: 0.000
mean Y: 3.340
Restoring model weights from the end of the best epoch
Epoch 00017: early stopping
Restoring model weights from the end of the best epoch
Epoch 00016: early stopping
reject H0 with p_value: 0.049
Restoring model weights from the end of the best epoch
Epoch 00015: early stopping
Restoring model weights from the end of the best epoch
Epoch 00017: early stopping
reject H0 with p_value: 0.000
Restoring model weights from the end of the best epoch
Epoch 00021: early stopping
Restoring model weights from the end of the best epoch
Epoch 00014: early stopping
reject H0 with p_value: 0.000
Restoring model weights from the end of the best epoch
Epoch 00016: early stopping
Restoring model weights from the end of the best epoch
Epoch 00018: early stopping
reject H0 with p_value: 0.000
mean Y: 3.118
Restoring model weights from the end of the best epoch
Epoch 00021: early stopping
Restoring model weights from the end of the best epoch
Epoch 00018: early stopping
accept H0 with p_value: 0.233
Restoring model weights from the end of the best epoch
Epoch 00020: early stopping
Restoring model weights from the end of the best epoch
Epoch 00019: early stopping
reject H0 with p_value: 0.001
Restoring model weights from the end of the best epoch
Epoch 00023: early stopping
Restoring model weights from the end of the best epoch
Epoch 00015: early stopping
reject H0 with p_value: 0.000
Restoring model weights from the end of the best epoch
Epoch 00018: early stopping
Restoring model weights from the end of the best epoch
Epoch 00020: early stopping
reject H0 with p_value: 0.000
mean Y: 3.629
Restoring model weights from the end of the best epoch
Epoch 00016: early stopping
Restoring model weights from the end of the best epoch
Epoch 00018: early stopping
accept H0 with p_value: 0.917
Restoring model weights from the end of the best epoch
Epoch 00011: early stopping
Restoring model weights from the end of the best epoch
Epoch 00019: early stopping
accept H0 with p_value: 1.000
Restoring model weights from the end of the best epoch
Epoch 00022: early stopping
Restoring model weights from the end of the best epoch
Epoch 00015: early stopping
reject H0 with p_value: 0.000
Restoring model weights from the end of the best epoch
Epoch 00019: early stopping
Restoring model weights from the end of the best epoch
Epoch 00015: early stopping
reject H0 with p_value: 0.000
mean Y: 3.222
Restoring model weights from the end of the best epoch
Epoch 00017: early stopping
Restoring model weights from the end of the best epoch
Epoch 00018: early stopping
accept H0 with p_value: 0.985
Restoring model weights from the end of the best epoch
Epoch 00016: early stopping
Restoring model weights from the end of the best epoch
Epoch 00021: early stopping
reject H0 with p_value: 0.015
Restoring model weights from the end of the best epoch
Epoch 00018: early stopping
Restoring model weights from the end of the best epoch
Epoch 00016: early stopping
reject H0 with p_value: 0.000
Restoring model weights from the end of the best epoch
Epoch 00018: early stopping
Restoring model weights from the end of the best epoch
Epoch 00017: early stopping
reject H0 with p_value: 0.000
mean Y: 3.091
Restoring model weights from the end of the best epoch
Epoch 00025: early stopping
Restoring model weights from the end of the best epoch
Epoch 00023: early stopping
accept H0 with p_value: 0.883
Restoring model weights from the end of the best epoch
Epoch 00018: early stopping
Restoring model weights from the end of the best epoch
Epoch 00018: early stopping
reject H0 with p_value: 0.007
Restoring model weights from the end of the best epoch
Epoch 00017: early stopping
Restoring model weights from the end of the best epoch
Epoch 00021: early stopping
reject H0 with p_value: 0.001
Restoring model weights from the end of the best epoch
Epoch 00021: early stopping
Restoring model weights from the end of the best epoch
Epoch 00018: early stopping
reject H0 with p_value: 0.000
mean Y: 3.289
Restoring model weights from the end of the best epoch
Epoch 00018: early stopping
Restoring model weights from the end of the best epoch
Epoch 00017: early stopping
accept H0 with p_value: 0.908
Restoring model weights from the end of the best epoch
Epoch 00021: early stopping
Restoring model weights from the end of the best epoch
Epoch 00017: early stopping
reject H0 with p_value: 0.006
Restoring model weights from the end of the best epoch
Epoch 00019: early stopping
Restoring model weights from the end of the best epoch
Epoch 00018: early stopping
reject H0 with p_value: 0.001
Restoring model weights from the end of the best epoch
Epoch 00011: early stopping
Restoring model weights from the end of the best epoch
Epoch 00019: early stopping
accept H0 with p_value: 1.000
mean Y: 3.174
Restoring model weights from the end of the best epoch
Epoch 00019: early stopping
Restoring model weights from the end of the best epoch
Epoch 00019: early stopping
accept H0 with p_value: 0.894
Restoring model weights from the end of the best epoch
Epoch 00025: early stopping
Restoring model weights from the end of the best epoch
Epoch 00017: early stopping
reject H0 with p_value: 0.031
Restoring model weights from the end of the best epoch
Epoch 00020: early stopping
Restoring model weights from the end of the best epoch
Epoch 00018: early stopping
reject H0 with p_value: 0.001
Restoring model weights from the end of the best epoch
Epoch 00020: early stopping
Restoring model weights from the end of the best epoch
Epoch 00015: early stopping
reject H0 with p_value: 0.015
mean Y: 3.496
Restoring model weights from the end of the best epoch
Epoch 00016: early stopping
Restoring model weights from the end of the best epoch
Epoch 00017: early stopping
accept H0 with p_value: 0.865
Restoring model weights from the end of the best epoch
Epoch 00020: early stopping
Restoring model weights from the end of the best epoch
Epoch 00021: early stopping
reject H0 with p_value: 0.000
Restoring model weights from the end of the best epoch
Epoch 00019: early stopping
Restoring model weights from the end of the best epoch
Epoch 00016: early stopping
reject H0 with p_value: 0.000
Restoring model weights from the end of the best epoch
Epoch 00020: early stopping
Restoring model weights from the end of the best epoch
Epoch 00015: early stopping
reject H0 with p_value: 0.000
mean Y: 3.426
Restoring model weights from the end of the best epoch
Epoch 00019: early stopping
Restoring model weights from the end of the best epoch
Epoch 00024: early stopping
accept H0 with p_value: 0.916
Restoring model weights from the end of the best epoch
Epoch 00024: early stopping
Restoring model weights from the end of the best epoch
Epoch 00017: early stopping
reject H0 with p_value: 0.007
Restoring model weights from the end of the best epoch
Epoch 00021: early stopping
Restoring model weights from the end of the best epoch
Epoch 00020: early stopping
reject H0 with p_value: 0.000
Restoring model weights from the end of the best epoch
Epoch 00024: early stopping
Restoring model weights from the end of the best epoch
Epoch 00018: early stopping
reject H0 with p_value: 0.000
mean Y: 3.277
Restoring model weights from the end of the best epoch
Epoch 00022: early stopping
Restoring model weights from the end of the best epoch
Epoch 00021: early stopping
accept H0 with p_value: 0.905
Restoring model weights from the end of the best epoch
Epoch 00020: early stopping
Restoring model weights from the end of the best epoch
Epoch 00017: early stopping
accept H0 with p_value: 0.054
Restoring model weights from the end of the best epoch
Epoch 00018: early stopping
Restoring model weights from the end of the best epoch
Epoch 00020: early stopping
reject H0 with p_value: 0.001
Restoring model weights from the end of the best epoch
Epoch 00018: early stopping
Restoring model weights from the end of the best epoch
Epoch 00019: early stopping
reject H0 with p_value: 0.000
mean Y: 3.337
Restoring model weights from the end of the best epoch
Epoch 00017: early stopping
Restoring model weights from the end of the best epoch
Epoch 00018: early stopping
accept H0 with p_value: 0.865
Restoring model weights from the end of the best epoch
Epoch 00015: early stopping
Restoring model weights from the end of the best epoch
Epoch 00019: early stopping
accept H0 with p_value: 0.240
Restoring model weights from the end of the best epoch
Epoch 00020: early stopping
Restoring model weights from the end of the best epoch
Epoch 00016: early stopping
reject H0 with p_value: 0.025
Restoring model weights from the end of the best epoch
Epoch 00023: early stopping
Restoring model weights from the end of the best epoch
Epoch 00018: early stopping
reject H0 with p_value: 0.004
mean Y: 3.367
Restoring model weights from the end of the best epoch
Epoch 00020: early stopping
Restoring model weights from the end of the best epoch
Epoch 00020: early stopping
accept H0 with p_value: 0.670
Restoring model weights from the end of the best epoch
Epoch 00019: early stopping
Restoring model weights from the end of the best epoch
Epoch 00016: early stopping
reject H0 with p_value: 0.001
Restoring model weights from the end of the best epoch
Epoch 00020: early stopping
Restoring model weights from the end of the best epoch
Epoch 00017: early stopping
reject H0 with p_value: 0.000
Restoring model weights from the end of the best epoch
Epoch 00019: early stopping
Restoring model weights from the end of the best epoch
Epoch 00017: early stopping
reject H0 with p_value: 0.000
mean Y: 3.338
Restoring model weights from the end of the best epoch
Epoch 00020: early stopping
Restoring model weights from the end of the best epoch
Epoch 00019: early stopping
accept H0 with p_value: 0.683
Restoring model weights from the end of the best epoch
Epoch 00022: early stopping
Restoring model weights from the end of the best epoch
Epoch 00017: early stopping
reject H0 with p_value: 0.039
Restoring model weights from the end of the best epoch
Epoch 00019: early stopping
Restoring model weights from the end of the best epoch
Epoch 00019: early stopping
reject H0 with p_value: 0.000
Restoring model weights from the end of the best epoch
Epoch 00020: early stopping
Restoring model weights from the end of the best epoch
Epoch 00018: early stopping
reject H0 with p_value: 0.000
mean Y: 3.371
Restoring model weights from the end of the best epoch
Epoch 00019: early stopping
Restoring model weights from the end of the best epoch
Epoch 00022: early stopping
reject H0 with p_value: 0.035
Restoring model weights from the end of the best epoch
Epoch 00016: early stopping
Restoring model weights from the end of the best epoch
Epoch 00015: early stopping
reject H0 with p_value: 0.000
Restoring model weights from the end of the best epoch
Epoch 00020: early stopping
Restoring model weights from the end of the best epoch
Epoch 00018: early stopping
reject H0 with p_value: 0.000
Restoring model weights from the end of the best epoch
Epoch 00017: early stopping
Restoring model weights from the end of the best epoch
Epoch 00011: early stopping
reject H0 with p_value: 0.000
mean Y: 3.276
Restoring model weights from the end of the best epoch
Epoch 00019: early stopping
Restoring model weights from the end of the best epoch
Epoch 00019: early stopping
accept H0 with p_value: 0.121
Restoring model weights from the end of the best epoch
Epoch 00023: early stopping
Restoring model weights from the end of the best epoch
Epoch 00016: early stopping
reject H0 with p_value: 0.003
Restoring model weights from the end of the best epoch
Epoch 00019: early stopping
Restoring model weights from the end of the best epoch
Epoch 00018: early stopping
reject H0 with p_value: 0.000
Restoring model weights from the end of the best epoch
Epoch 00015: early stopping
Restoring model weights from the end of the best epoch
Epoch 00017: early stopping
reject H0 with p_value: 0.002
mean Y: 3.195
Restoring model weights from the end of the best epoch
Epoch 00019: early stopping
Restoring model weights from the end of the best epoch
Epoch 00021: early stopping
accept H0 with p_value: 0.830
Restoring model weights from the end of the best epoch
Epoch 00024: early stopping
Restoring model weights from the end of the best epoch
Epoch 00017: early stopping
reject H0 with p_value: 0.000
Restoring model weights from the end of the best epoch
Epoch 00022: early stopping
Restoring model weights from the end of the best epoch
Epoch 00016: early stopping
reject H0 with p_value: 0.007
Restoring model weights from the end of the best epoch
Epoch 00020: early stopping
Restoring model weights from the end of the best epoch
Epoch 00016: early stopping
reject H0 with p_value: 0.000
mean Y: 3.180
Restoring model weights from the end of the best epoch
Epoch 00016: early stopping
Restoring model weights from the end of the best epoch
Epoch 00018: early stopping
accept H0 with p_value: 0.453
Restoring model weights from the end of the best epoch
Epoch 00011: early stopping
Restoring model weights from the end of the best epoch
Epoch 00018: early stopping
accept H0 with p_value: 1.000
Restoring model weights from the end of the best epoch
Epoch 00015: early stopping
Restoring model weights from the end of the best epoch
Epoch 00022: early stopping
reject H0 with p_value: 0.000
Restoring model weights from the end of the best epoch
Epoch 00022: early stopping
Restoring model weights from the end of the best epoch
Epoch 00014: early stopping
reject H0 with p_value: 0.000
mean Y: 3.240
Restoring model weights from the end of the best epoch
Epoch 00022: early stopping
Restoring model weights from the end of the best epoch
Epoch 00020: early stopping
accept H0 with p_value: 0.351
Restoring model weights from the end of the best epoch
Epoch 00024: early stopping
Restoring model weights from the end of the best epoch
Epoch 00017: early stopping
reject H0 with p_value: 0.000
Restoring model weights from the end of the best epoch
Epoch 00025: early stopping
Restoring model weights from the end of the best epoch
Epoch 00016: early stopping
reject H0 with p_value: 0.000
Restoring model weights from the end of the best epoch
Epoch 00021: early stopping
Restoring model weights from the end of the best epoch
Epoch 00020: early stopping
reject H0 with p_value: 0.000
mean Y: 3.187
Restoring model weights from the end of the best epoch
Epoch 00019: early stopping
Restoring model weights from the end of the best epoch
Epoch 00017: early stopping
accept H0 with p_value: 0.977
Restoring model weights from the end of the best epoch
Epoch 00020: early stopping
Restoring model weights from the end of the best epoch
Epoch 00016: early stopping
reject H0 with p_value: 0.002
Restoring model weights from the end of the best epoch
Epoch 00020: early stopping
Restoring model weights from the end of the best epoch
Epoch 00017: early stopping
reject H0 with p_value: 0.002
Restoring model weights from the end of the best epoch
Epoch 00020: early stopping
Restoring model weights from the end of the best epoch
Epoch 00017: early stopping
reject H0 with p_value: 0.000
mean Y: 3.380
Restoring model weights from the end of the best epoch
Epoch 00022: early stopping
Restoring model weights from the end of the best epoch
Epoch 00022: early stopping
accept H0 with p_value: 0.929
Restoring model weights from the end of the best epoch
Epoch 00029: early stopping
Restoring model weights from the end of the best epoch
Epoch 00019: early stopping
reject H0 with p_value: 0.030
Restoring model weights from the end of the best epoch
Epoch 00023: early stopping
Restoring model weights from the end of the best epoch
Epoch 00017: early stopping
reject H0 with p_value: 0.000
Restoring model weights from the end of the best epoch
Epoch 00023: early stopping
Restoring model weights from the end of the best epoch
Epoch 00020: early stopping
reject H0 with p_value: 0.000
mean Y: 3.347
Restoring model weights from the end of the best epoch
Epoch 00017: early stopping
Restoring model weights from the end of the best epoch
Epoch 00020: early stopping
accept H0 with p_value: 0.803
Restoring model weights from the end of the best epoch
Epoch 00019: early stopping
Restoring model weights from the end of the best epoch
Epoch 00019: early stopping
reject H0 with p_value: 0.000
Restoring model weights from the end of the best epoch
Epoch 00021: early stopping
Restoring model weights from the end of the best epoch
Epoch 00016: early stopping
reject H0 with p_value: 0.000
Restoring model weights from the end of the best epoch
Epoch 00020: early stopping
Restoring model weights from the end of the best epoch
Epoch 00021: early stopping
reject H0 with p_value: 0.000
mean Y: 3.392
Restoring model weights from the end of the best epoch
Epoch 00021: early stopping
Restoring model weights from the end of the best epoch
Epoch 00017: early stopping
accept H0 with p_value: 0.989
Restoring model weights from the end of the best epoch
Epoch 00019: early stopping
Restoring model weights from the end of the best epoch
Epoch 00022: early stopping
accept H0 with p_value: 0.183
Restoring model weights from the end of the best epoch
Epoch 00017: early stopping
Restoring model weights from the end of the best epoch
Epoch 00016: early stopping
reject H0 with p_value: 0.000
Restoring model weights from the end of the best epoch
Epoch 00016: early stopping
Restoring model weights from the end of the best epoch
Epoch 00015: early stopping
reject H0 with p_value: 0.003
mean Y: 3.206
Restoring model weights from the end of the best epoch
Epoch 00023: early stopping
Restoring model weights from the end of the best epoch
Epoch 00021: early stopping
accept H0 with p_value: 0.285
Restoring model weights from the end of the best epoch
Epoch 00019: early stopping
Restoring model weights from the end of the best epoch
Epoch 00016: early stopping
reject H0 with p_value: 0.000
Restoring model weights from the end of the best epoch
Epoch 00022: early stopping
Restoring model weights from the end of the best epoch
Epoch 00020: early stopping
reject H0 with p_value: 0.000
Restoring model weights from the end of the best epoch
Epoch 00020: early stopping
Restoring model weights from the end of the best epoch
Epoch 00019: early stopping
reject H0 with p_value: 0.000
mean Y: 3.291
Restoring model weights from the end of the best epoch
Epoch 00029: early stopping
Restoring model weights from the end of the best epoch
Epoch 00021: early stopping
reject H0 with p_value: 0.045
Restoring model weights from the end of the best epoch
Epoch 00020: early stopping
Restoring model weights from the end of the best epoch
Epoch 00016: early stopping
reject H0 with p_value: 0.000
Restoring model weights from the end of the best epoch
Epoch 00022: early stopping
Restoring model weights from the end of the best epoch
Epoch 00018: early stopping
reject H0 with p_value: 0.001
Restoring model weights from the end of the best epoch
Epoch 00018: early stopping
Restoring model weights from the end of the best epoch
Epoch 00016: early stopping
reject H0 with p_value: 0.000
mean Y: 3.413
Restoring model weights from the end of the best epoch
Epoch 00021: early stopping
Restoring model weights from the end of the best epoch
Epoch 00018: early stopping
accept H0 with p_value: 0.577
Restoring model weights from the end of the best epoch
Epoch 00018: early stopping
Restoring model weights from the end of the best epoch
Epoch 00018: early stopping
reject H0 with p_value: 0.000
Restoring model weights from the end of the best epoch
Epoch 00046: early stopping
Restoring model weights from the end of the best epoch
Epoch 00021: early stopping
reject H0 with p_value: 0.000
Restoring model weights from the end of the best epoch
Epoch 00023: early stopping
Restoring model weights from the end of the best epoch
Epoch 00017: early stopping
reject H0 with p_value: 0.008
mean Y: 3.292
Restoring model weights from the end of the best epoch
Epoch 00018: early stopping
Restoring model weights from the end of the best epoch
Epoch 00019: early stopping
accept H0 with p_value: 0.676
Restoring model weights from the end of the best epoch
Epoch 00016: early stopping
Restoring model weights from the end of the best epoch
Epoch 00015: early stopping
reject H0 with p_value: 0.046
Restoring model weights from the end of the best epoch
Epoch 00019: early stopping
Restoring model weights from the end of the best epoch
Epoch 00018: early stopping
reject H0 with p_value: 0.000
Restoring model weights from the end of the best epoch
Epoch 00019: early stopping
Restoring model weights from the end of the best epoch
Epoch 00020: early stopping
reject H0 with p_value: 0.000
mean Y: 3.361
Restoring model weights from the end of the best epoch
Epoch 00016: early stopping
Restoring model weights from the end of the best epoch
Epoch 00023: early stopping
accept H0 with p_value: 0.586
Restoring model weights from the end of the best epoch
Epoch 00018: early stopping
Restoring model weights from the end of the best epoch
Epoch 00019: early stopping
reject H0 with p_value: 0.036
Restoring model weights from the end of the best epoch
Epoch 00023: early stopping
Restoring model weights from the end of the best epoch
Epoch 00016: early stopping
reject H0 with p_value: 0.000
Restoring model weights from the end of the best epoch
Epoch 00019: early stopping
Restoring model weights from the end of the best epoch
Epoch 00019: early stopping
reject H0 with p_value: 0.000
mean Y: 3.326
Restoring model weights from the end of the best epoch
Epoch 00022: early stopping
Restoring model weights from the end of the best epoch
Epoch 00018: early stopping
accept H0 with p_value: 0.919
Restoring model weights from the end of the best epoch
Epoch 00021: early stopping
Restoring model weights from the end of the best epoch
Epoch 00018: early stopping
reject H0 with p_value: 0.010
Restoring model weights from the end of the best epoch
Epoch 00020: early stopping
Restoring model weights from the end of the best epoch
Epoch 00020: early stopping
reject H0 with p_value: 0.000
Restoring model weights from the end of the best epoch
Epoch 00018: early stopping
Restoring model weights from the end of the best epoch
Epoch 00021: early stopping
reject H0 with p_value: 0.000
mean Y: 3.363
Restoring model weights from the end of the best epoch
Epoch 00019: early stopping
Restoring model weights from the end of the best epoch
Epoch 00023: early stopping
accept H0 with p_value: 0.692
Restoring model weights from the end of the best epoch
Epoch 00017: early stopping
Restoring model weights from the end of the best epoch
Epoch 00019: early stopping
reject H0 with p_value: 0.007
Restoring model weights from the end of the best epoch
Epoch 00022: early stopping
Restoring model weights from the end of the best epoch
Epoch 00011: early stopping
reject H0 with p_value: 0.000
Restoring model weights from the end of the best epoch
Epoch 00018: early stopping
Restoring model weights from the end of the best epoch
Epoch 00016: early stopping
reject H0 with p_value: 0.000
mean Y: 3.242
Restoring model weights from the end of the best epoch
Epoch 00024: early stopping
Restoring model weights from the end of the best epoch
Epoch 00022: early stopping
accept H0 with p_value: 0.766
Restoring model weights from the end of the best epoch
Epoch 00020: early stopping
Restoring model weights from the end of the best epoch
Epoch 00015: early stopping
reject H0 with p_value: 0.043
Restoring model weights from the end of the best epoch
Epoch 00016: early stopping
Restoring model weights from the end of the best epoch
Epoch 00015: early stopping
reject H0 with p_value: 0.000
Restoring model weights from the end of the best epoch
Epoch 00021: early stopping
Restoring model weights from the end of the best epoch
Epoch 00020: early stopping
reject H0 with p_value: 0.001
mean Y: 3.402
Restoring model weights from the end of the best epoch
Epoch 00021: early stopping
Restoring model weights from the end of the best epoch
Epoch 00020: early stopping
accept H0 with p_value: 0.948
Restoring model weights from the end of the best epoch
Epoch 00019: early stopping
Restoring model weights from the end of the best epoch
Epoch 00018: early stopping
reject H0 with p_value: 0.000
Restoring model weights from the end of the best epoch
Epoch 00019: early stopping
Restoring model weights from the end of the best epoch
Epoch 00017: early stopping
reject H0 with p_value: 0.000
Restoring model weights from the end of the best epoch
Epoch 00019: early stopping
Restoring model weights from the end of the best epoch
Epoch 00018: early stopping
reject H0 with p_value: 0.000
mean Y: 3.307
Restoring model weights from the end of the best epoch
Epoch 00022: early stopping
Restoring model weights from the end of the best epoch
Epoch 00017: early stopping
accept H0 with p_value: 0.883
Restoring model weights from the end of the best epoch
Epoch 00018: early stopping
Restoring model weights from the end of the best epoch
Epoch 00017: early stopping
reject H0 with p_value: 0.008
Restoring model weights from the end of the best epoch
Epoch 00023: early stopping
Restoring model weights from the end of the best epoch
Epoch 00020: early stopping
reject H0 with p_value: 0.001
Restoring model weights from the end of the best epoch
Epoch 00018: early stopping
Restoring model weights from the end of the best epoch
Epoch 00017: early stopping
reject H0 with p_value: 0.002
mean Y: 3.309
Restoring model weights from the end of the best epoch
Epoch 00021: early stopping
Restoring model weights from the end of the best epoch
Epoch 00021: early stopping
accept H0 with p_value: 0.890
Restoring model weights from the end of the best epoch
Epoch 00019: early stopping
Restoring model weights from the end of the best epoch
Epoch 00015: early stopping
reject H0 with p_value: 0.000
Restoring model weights from the end of the best epoch
Epoch 00023: early stopping
Restoring model weights from the end of the best epoch
Epoch 00019: early stopping
reject H0 with p_value: 0.000
Restoring model weights from the end of the best epoch
Epoch 00018: early stopping
Restoring model weights from the end of the best epoch
Epoch 00018: early stopping
reject H0 with p_value: 0.000
mean Y: 3.398
Restoring model weights from the end of the best epoch
Epoch 00020: early stopping
Restoring model weights from the end of the best epoch
Epoch 00020: early stopping
accept H0 with p_value: 0.910
Restoring model weights from the end of the best epoch
Epoch 00020: early stopping
Restoring model weights from the end of the best epoch
Epoch 00017: early stopping
reject H0 with p_value: 0.000
Restoring model weights from the end of the best epoch
Epoch 00015: early stopping
Restoring model weights from the end of the best epoch
Epoch 00015: early stopping
reject H0 with p_value: 0.005
Restoring model weights from the end of the best epoch
Epoch 00017: early stopping
Restoring model weights from the end of the best epoch
Epoch 00019: early stopping
reject H0 with p_value: 0.000
mean Y: 3.309
Restoring model weights from the end of the best epoch
Epoch 00021: early stopping
Restoring model weights from the end of the best epoch
Epoch 00017: early stopping
accept H0 with p_value: 0.865
Restoring model weights from the end of the best epoch
Epoch 00018: early stopping
Restoring model weights from the end of the best epoch
Epoch 00016: early stopping
reject H0 with p_value: 0.021
Restoring model weights from the end of the best epoch
Epoch 00023: early stopping
Restoring model weights from the end of the best epoch
Epoch 00019: early stopping
reject H0 with p_value: 0.000
Restoring model weights from the end of the best epoch
Epoch 00022: early stopping
Restoring model weights from the end of the best epoch
Epoch 00024: early stopping
reject H0 with p_value: 0.000
mean Y: 3.213
Restoring model weights from the end of the best epoch
Epoch 00019: early stopping
Restoring model weights from the end of the best epoch
Epoch 00022: early stopping
accept H0 with p_value: 0.699
Restoring model weights from the end of the best epoch
Epoch 00022: early stopping
Restoring model weights from the end of the best epoch
Epoch 00017: early stopping
reject H0 with p_value: 0.000
Restoring model weights from the end of the best epoch
Epoch 00023: early stopping
Restoring model weights from the end of the best epoch
Epoch 00021: early stopping
reject H0 with p_value: 0.000
Restoring model weights from the end of the best epoch
Epoch 00019: early stopping
Restoring model weights from the end of the best epoch
Epoch 00018: early stopping
reject H0 with p_value: 0.001
mean Y: 3.318
Restoring model weights from the end of the best epoch
Epoch 00021: early stopping
Restoring model weights from the end of the best epoch
Epoch 00021: early stopping
accept H0 with p_value: 0.956
Restoring model weights from the end of the best epoch
Epoch 00021: early stopping
Restoring model weights from the end of the best epoch
Epoch 00018: early stopping
reject H0 with p_value: 0.001
Restoring model weights from the end of the best epoch
Epoch 00019: early stopping
Restoring model weights from the end of the best epoch
Epoch 00016: early stopping
reject H0 with p_value: 0.000
Restoring model weights from the end of the best epoch
Epoch 00019: early stopping
Restoring model weights from the end of the best epoch
Epoch 00015: early stopping
reject H0 with p_value: 0.000
mean Y: 3.369
Restoring model weights from the end of the best epoch
Epoch 00024: early stopping
Restoring model weights from the end of the best epoch
Epoch 00019: early stopping
accept H0 with p_value: 0.936
Restoring model weights from the end of the best epoch
Epoch 00018: early stopping
Restoring model weights from the end of the best epoch
Epoch 00015: early stopping
accept H0 with p_value: 0.053
Restoring model weights from the end of the best epoch
Epoch 00020: early stopping
Restoring model weights from the end of the best epoch
Epoch 00015: early stopping
reject H0 with p_value: 0.000
Restoring model weights from the end of the best epoch
Epoch 00019: early stopping
Restoring model weights from the end of the best epoch
Epoch 00017: early stopping
reject H0 with p_value: 0.000
mean Y: 3.229
Restoring model weights from the end of the best epoch
Epoch 00018: early stopping
Restoring model weights from the end of the best epoch
Epoch 00016: early stopping
accept H0 with p_value: 0.756
Restoring model weights from the end of the best epoch
Epoch 00020: early stopping
Restoring model weights from the end of the best epoch
Epoch 00019: early stopping
reject H0 with p_value: 0.002
Restoring model weights from the end of the best epoch
Epoch 00022: early stopping
Restoring model weights from the end of the best epoch
Epoch 00018: early stopping
reject H0 with p_value: 0.000
Restoring model weights from the end of the best epoch
Epoch 00020: early stopping
Restoring model weights from the end of the best epoch
Epoch 00018: early stopping
reject H0 with p_value: 0.000
mean Y: 3.347
Restoring model weights from the end of the best epoch
Epoch 00020: early stopping
Restoring model weights from the end of the best epoch
Epoch 00020: early stopping
accept H0 with p_value: 0.803
Restoring model weights from the end of the best epoch
Epoch 00019: early stopping
Restoring model weights from the end of the best epoch
Epoch 00017: early stopping
accept H0 with p_value: 0.114
Restoring model weights from the end of the best epoch
Epoch 00022: early stopping
Restoring model weights from the end of the best epoch
Epoch 00020: early stopping
reject H0 with p_value: 0.001
Restoring model weights from the end of the best epoch
Epoch 00017: early stopping
Restoring model weights from the end of the best epoch
Epoch 00016: early stopping
reject H0 with p_value: 0.000
mean Y: 3.531
Restoring model weights from the end of the best epoch
Epoch 00023: early stopping
Restoring model weights from the end of the best epoch
Epoch 00021: early stopping
accept H0 with p_value: 0.571
Restoring model weights from the end of the best epoch
Epoch 00019: early stopping
Restoring model weights from the end of the best epoch
Epoch 00018: early stopping
reject H0 with p_value: 0.002
Restoring model weights from the end of the best epoch
Epoch 00019: early stopping
Restoring model weights from the end of the best epoch
Epoch 00021: early stopping
reject H0 with p_value: 0.000
Restoring model weights from the end of the best epoch
Epoch 00022: early stopping
Restoring model weights from the end of the best epoch
Epoch 00021: early stopping
reject H0 with p_value: 0.000
mean Y: 3.394
Restoring model weights from the end of the best epoch
Epoch 00018: early stopping
Restoring model weights from the end of the best epoch
Epoch 00017: early stopping
accept H0 with p_value: 0.998
Restoring model weights from the end of the best epoch
Epoch 00020: early stopping
Restoring model weights from the end of the best epoch
Epoch 00020: early stopping
reject H0 with p_value: 0.008
Restoring model weights from the end of the best epoch
Epoch 00019: early stopping
Restoring model weights from the end of the best epoch
Epoch 00015: early stopping
reject H0 with p_value: 0.000
Restoring model weights from the end of the best epoch
Epoch 00019: early stopping
Restoring model weights from the end of the best epoch
Epoch 00017: early stopping
reject H0 with p_value: 0.000
mean Y: 3.298
Restoring model weights from the end of the best epoch
Epoch 00020: early stopping
Restoring model weights from the end of the best epoch
Epoch 00020: early stopping
reject H0 with p_value: 0.048
Restoring model weights from the end of the best epoch
Epoch 00019: early stopping
Restoring model weights from the end of the best epoch
Epoch 00017: early stopping
reject H0 with p_value: 0.002
Restoring model weights from the end of the best epoch
Epoch 00031: early stopping
Restoring model weights from the end of the best epoch
Epoch 00017: early stopping
reject H0 with p_value: 0.000
Restoring model weights from the end of the best epoch
Epoch 00023: early stopping
Restoring model weights from the end of the best epoch
Epoch 00015: early stopping
reject H0 with p_value: 0.000
mean Y: 3.314
Restoring model weights from the end of the best epoch
Epoch 00022: early stopping
Restoring model weights from the end of the best epoch
Epoch 00022: early stopping
accept H0 with p_value: 0.292
Restoring model weights from the end of the best epoch
Epoch 00018: early stopping
Restoring model weights from the end of the best epoch
Epoch 00016: early stopping
accept H0 with p_value: 0.707
Restoring model weights from the end of the best epoch
Epoch 00020: early stopping
Restoring model weights from the end of the best epoch
Epoch 00019: early stopping
reject H0 with p_value: 0.000
Restoring model weights from the end of the best epoch
Epoch 00017: early stopping
Restoring model weights from the end of the best epoch
Epoch 00017: early stopping
reject H0 with p_value: 0.000
mean Y: 3.314
Restoring model weights from the end of the best epoch
Epoch 00020: early stopping
Restoring model weights from the end of the best epoch
Epoch 00019: early stopping
accept H0 with p_value: 0.775
Restoring model weights from the end of the best epoch
Epoch 00026: early stopping
Restoring model weights from the end of the best epoch
Epoch 00019: early stopping
reject H0 with p_value: 0.029
Restoring model weights from the end of the best epoch
Epoch 00021: early stopping
Restoring model weights from the end of the best epoch
Epoch 00017: early stopping
reject H0 with p_value: 0.002
Restoring model weights from the end of the best epoch
Epoch 00025: early stopping
Restoring model weights from the end of the best epoch
Epoch 00017: early stopping
reject H0 with p_value: 0.000
mean Y: 3.214
Restoring model weights from the end of the best epoch
Epoch 00018: early stopping
Restoring model weights from the end of the best epoch
Epoch 00021: early stopping
accept H0 with p_value: 0.903
Restoring model weights from the end of the best epoch
Epoch 00024: early stopping
Restoring model weights from the end of the best epoch
Epoch 00017: early stopping
reject H0 with p_value: 0.001
Restoring model weights from the end of the best epoch
Epoch 00024: early stopping
Restoring model weights from the end of the best epoch
Epoch 00018: early stopping
reject H0 with p_value: 0.000
Restoring model weights from the end of the best epoch
Epoch 00019: early stopping
Restoring model weights from the end of the best epoch
Epoch 00019: early stopping
reject H0 with p_value: 0.000
mean Y: 3.315
Restoring model weights from the end of the best epoch
Epoch 00019: early stopping
Restoring model weights from the end of the best epoch
Epoch 00020: early stopping
accept H0 with p_value: 0.591
Restoring model weights from the end of the best epoch
Epoch 00023: early stopping
Restoring model weights from the end of the best epoch
Epoch 00016: early stopping
accept H0 with p_value: 0.064
Restoring model weights from the end of the best epoch
Epoch 00019: early stopping
Restoring model weights from the end of the best epoch
Epoch 00019: early stopping
reject H0 with p_value: 0.000
Restoring model weights from the end of the best epoch
Epoch 00021: early stopping
Restoring model weights from the end of the best epoch
Epoch 00019: early stopping
reject H0 with p_value: 0.000
mean Y: 3.046
Restoring model weights from the end of the best epoch
Epoch 00020: early stopping
Restoring model weights from the end of the best epoch
Epoch 00018: early stopping
accept H0 with p_value: 0.514
Restoring model weights from the end of the best epoch
Epoch 00019: early stopping
Restoring model weights from the end of the best epoch
Epoch 00020: early stopping
reject H0 with p_value: 0.000
Restoring model weights from the end of the best epoch
Epoch 00026: early stopping
Restoring model weights from the end of the best epoch
Epoch 00017: early stopping
reject H0 with p_value: 0.000
Restoring model weights from the end of the best epoch
Epoch 00019: early stopping
Restoring model weights from the end of the best epoch
Epoch 00017: early stopping
reject H0 with p_value: 0.000
mean Y: 3.259
Restoring model weights from the end of the best epoch
Epoch 00020: early stopping
Restoring model weights from the end of the best epoch
Epoch 00020: early stopping
accept H0 with p_value: 0.302
Restoring model weights from the end of the best epoch
Epoch 00023: early stopping
Restoring model weights from the end of the best epoch
Epoch 00016: early stopping
reject H0 with p_value: 0.007
Restoring model weights from the end of the best epoch
Epoch 00025: early stopping
Restoring model weights from the end of the best epoch
Epoch 00016: early stopping
reject H0 with p_value: 0.000
Restoring model weights from the end of the best epoch
Epoch 00018: early stopping
Restoring model weights from the end of the best epoch
Epoch 00019: early stopping
reject H0 with p_value: 0.000
mean Y: 3.166
Restoring model weights from the end of the best epoch
Epoch 00019: early stopping
Restoring model weights from the end of the best epoch
Epoch 00021: early stopping
accept H0 with p_value: 0.682
Restoring model weights from the end of the best epoch
Epoch 00019: early stopping
Restoring model weights from the end of the best epoch
Epoch 00018: early stopping
reject H0 with p_value: 0.013
Restoring model weights from the end of the best epoch
Epoch 00022: early stopping
Restoring model weights from the end of the best epoch
Epoch 00018: early stopping
reject H0 with p_value: 0.023
Restoring model weights from the end of the best epoch
Epoch 00023: early stopping
Restoring model weights from the end of the best epoch
Epoch 00019: early stopping
reject H0 with p_value: 0.000
mean Y: 3.183
Restoring model weights from the end of the best epoch
Epoch 00016: early stopping
Restoring model weights from the end of the best epoch
Epoch 00018: early stopping
accept H0 with p_value: 0.893
Restoring model weights from the end of the best epoch
Epoch 00017: early stopping
Restoring model weights from the end of the best epoch
Epoch 00016: early stopping
reject H0 with p_value: 0.000
Restoring model weights from the end of the best epoch
Epoch 00021: early stopping
Restoring model weights from the end of the best epoch
Epoch 00017: early stopping
reject H0 with p_value: 0.000
Restoring model weights from the end of the best epoch
Epoch 00024: early stopping
Restoring model weights from the end of the best epoch
Epoch 00016: early stopping
reject H0 with p_value: 0.000
mean Y: 3.180
Restoring model weights from the end of the best epoch
Epoch 00017: early stopping
Restoring model weights from the end of the best epoch
Epoch 00017: early stopping
accept H0 with p_value: 0.382
Restoring model weights from the end of the best epoch
Epoch 00022: early stopping
Restoring model weights from the end of the best epoch
Epoch 00019: early stopping
reject H0 with p_value: 0.011
Restoring model weights from the end of the best epoch
Epoch 00017: early stopping
Restoring model weights from the end of the best epoch
Epoch 00016: early stopping
reject H0 with p_value: 0.000
Restoring model weights from the end of the best epoch
Epoch 00018: early stopping
Restoring model weights from the end of the best epoch
Epoch 00016: early stopping
reject H0 with p_value: 0.000
mean Y: 3.218
Restoring model weights from the end of the best epoch
Epoch 00024: early stopping
Restoring model weights from the end of the best epoch
Epoch 00018: early stopping
accept H0 with p_value: 0.235
Restoring model weights from the end of the best epoch
Epoch 00017: early stopping
Restoring model weights from the end of the best epoch
Epoch 00020: early stopping
reject H0 with p_value: 0.000
Restoring model weights from the end of the best epoch
Epoch 00020: early stopping
Restoring model weights from the end of the best epoch
Epoch 00016: early stopping
reject H0 with p_value: 0.000
Restoring model weights from the end of the best epoch
Epoch 00018: early stopping
Restoring model weights from the end of the best epoch
Epoch 00016: early stopping
reject H0 with p_value: 0.000
mean Y: 3.222
Restoring model weights from the end of the best epoch
Epoch 00022: early stopping
Restoring model weights from the end of the best epoch
Epoch 00020: early stopping
accept H0 with p_value: 0.994
Restoring model weights from the end of the best epoch
Epoch 00021: early stopping
Restoring model weights from the end of the best epoch
Epoch 00021: early stopping
reject H0 with p_value: 0.001
Restoring model weights from the end of the best epoch
Epoch 00018: early stopping
Restoring model weights from the end of the best epoch
Epoch 00017: early stopping
reject H0 with p_value: 0.001
Restoring model weights from the end of the best epoch
Epoch 00020: early stopping
Restoring model weights from the end of the best epoch
Epoch 00018: early stopping
reject H0 with p_value: 0.004
mean Y: 3.201
Restoring model weights from the end of the best epoch
Epoch 00022: early stopping
Restoring model weights from the end of the best epoch
Epoch 00020: early stopping
accept H0 with p_value: 0.937
Restoring model weights from the end of the best epoch
Epoch 00020: early stopping
Restoring model weights from the end of the best epoch
Epoch 00017: early stopping
reject H0 with p_value: 0.043
Restoring model weights from the end of the best epoch
Epoch 00019: early stopping
Restoring model weights from the end of the best epoch
Epoch 00019: early stopping
reject H0 with p_value: 0.000
Restoring model weights from the end of the best epoch
Epoch 00020: early stopping
Restoring model weights from the end of the best epoch
Epoch 00016: early stopping
reject H0 with p_value: 0.000
mean Y: 3.312
Restoring model weights from the end of the best epoch
Epoch 00023: early stopping
Restoring model weights from the end of the best epoch
Epoch 00022: early stopping
accept H0 with p_value: 0.996
Restoring model weights from the end of the best epoch
Epoch 00023: early stopping
Restoring model weights from the end of the best epoch
Epoch 00030: early stopping
reject H0 with p_value: 0.000
Restoring model weights from the end of the best epoch
Epoch 00023: early stopping
Restoring model weights from the end of the best epoch
Epoch 00018: early stopping
reject H0 with p_value: 0.000
Restoring model weights from the end of the best epoch
Epoch 00020: early stopping
Restoring model weights from the end of the best epoch
Epoch 00018: early stopping
reject H0 with p_value: 0.000
mean Y: 3.283
Restoring model weights from the end of the best epoch
Epoch 00022: early stopping
Restoring model weights from the end of the best epoch
Epoch 00020: early stopping
accept H0 with p_value: 0.232
Restoring model weights from the end of the best epoch
Epoch 00025: early stopping
Restoring model weights from the end of the best epoch
Epoch 00017: early stopping
reject H0 with p_value: 0.001
Restoring model weights from the end of the best epoch
Epoch 00020: early stopping
Restoring model weights from the end of the best epoch
Epoch 00017: early stopping
reject H0 with p_value: 0.000
Restoring model weights from the end of the best epoch
Epoch 00018: early stopping
Restoring model weights from the end of the best epoch
Epoch 00019: early stopping
reject H0 with p_value: 0.000
mean Y: 3.229
Restoring model weights from the end of the best epoch
Epoch 00016: early stopping
Restoring model weights from the end of the best epoch
Epoch 00025: early stopping
accept H0 with p_value: 0.912
Restoring model weights from the end of the best epoch
Epoch 00017: early stopping
Restoring model weights from the end of the best epoch
Epoch 00020: early stopping
reject H0 with p_value: 0.004
Restoring model weights from the end of the best epoch
Epoch 00020: early stopping
Restoring model weights from the end of the best epoch
Epoch 00017: early stopping
reject H0 with p_value: 0.000
Restoring model weights from the end of the best epoch
Epoch 00019: early stopping
Restoring model weights from the end of the best epoch
Epoch 00015: early stopping
reject H0 with p_value: 0.000
mean Y: 3.221
Restoring model weights from the end of the best epoch
Epoch 00018: early stopping
Restoring model weights from the end of the best epoch
Epoch 00020: early stopping
accept H0 with p_value: 0.447
Restoring model weights from the end of the best epoch
Epoch 00027: early stopping
Restoring model weights from the end of the best epoch
Epoch 00019: early stopping
reject H0 with p_value: 0.003
Restoring model weights from the end of the best epoch
Epoch 00020: early stopping
Restoring model weights from the end of the best epoch
Epoch 00018: early stopping
reject H0 with p_value: 0.000
Restoring model weights from the end of the best epoch
Epoch 00019: early stopping
Restoring model weights from the end of the best epoch
Epoch 00020: early stopping
reject H0 with p_value: 0.000
mean Y: 3.283
Restoring model weights from the end of the best epoch
Epoch 00024: early stopping
Restoring model weights from the end of the best epoch
Epoch 00018: early stopping
accept H0 with p_value: 0.727
Restoring model weights from the end of the best epoch
Epoch 00021: early stopping
Restoring model weights from the end of the best epoch
Epoch 00017: early stopping
reject H0 with p_value: 0.000
Restoring model weights from the end of the best epoch
Epoch 00019: early stopping
Restoring model weights from the end of the best epoch
Epoch 00020: early stopping
reject H0 with p_value: 0.009
Restoring model weights from the end of the best epoch
Epoch 00011: early stopping
Restoring model weights from the end of the best epoch
Epoch 00018: early stopping
accept H0 with p_value: 1.000
mean Y: 3.347
Restoring model weights from the end of the best epoch
Epoch 00019: early stopping
Restoring model weights from the end of the best epoch
Epoch 00015: early stopping
accept H0 with p_value: 0.088
Restoring model weights from the end of the best epoch
Epoch 00019: early stopping
Restoring model weights from the end of the best epoch
Epoch 00016: early stopping
reject H0 with p_value: 0.001
Restoring model weights from the end of the best epoch
Epoch 00019: early stopping
Restoring model weights from the end of the best epoch
Epoch 00014: early stopping
reject H0 with p_value: 0.000
Restoring model weights from the end of the best epoch
Epoch 00026: early stopping
Restoring model weights from the end of the best epoch
Epoch 00016: early stopping
reject H0 with p_value: 0.000
mean Y: 3.209
Restoring model weights from the end of the best epoch
Epoch 00019: early stopping
Restoring model weights from the end of the best epoch
Epoch 00018: early stopping
accept H0 with p_value: 0.172
Restoring model weights from the end of the best epoch
Epoch 00022: early stopping
Restoring model weights from the end of the best epoch
Epoch 00017: early stopping
reject H0 with p_value: 0.001
Restoring model weights from the end of the best epoch
Epoch 00020: early stopping
Restoring model weights from the end of the best epoch
Epoch 00018: early stopping
reject H0 with p_value: 0.000
Restoring model weights from the end of the best epoch
Epoch 00023: early stopping
Restoring model weights from the end of the best epoch
Epoch 00016: early stopping
reject H0 with p_value: 0.000
mean Y: 3.332
Restoring model weights from the end of the best epoch
Epoch 00017: early stopping
Restoring model weights from the end of the best epoch
Epoch 00021: early stopping
accept H0 with p_value: 0.351
Restoring model weights from the end of the best epoch
Epoch 00022: early stopping
Restoring model weights from the end of the best epoch
Epoch 00017: early stopping
reject H0 with p_value: 0.028
Restoring model weights from the end of the best epoch
Epoch 00020: early stopping
Restoring model weights from the end of the best epoch
Epoch 00017: early stopping
reject H0 with p_value: 0.000
Restoring model weights from the end of the best epoch
Epoch 00020: early stopping
Restoring model weights from the end of the best epoch
Epoch 00025: early stopping
reject H0 with p_value: 0.000
mean Y: 3.464
Restoring model weights from the end of the best epoch
Epoch 00022: early stopping
Restoring model weights from the end of the best epoch
Epoch 00020: early stopping
accept H0 with p_value: 0.283
Restoring model weights from the end of the best epoch
Epoch 00018: early stopping
Restoring model weights from the end of the best epoch
Epoch 00022: early stopping
reject H0 with p_value: 0.000
Restoring model weights from the end of the best epoch
Epoch 00021: early stopping
Restoring model weights from the end of the best epoch
Epoch 00017: early stopping
reject H0 with p_value: 0.000
Restoring model weights from the end of the best epoch
Epoch 00022: early stopping
Restoring model weights from the end of the best epoch
Epoch 00015: early stopping
reject H0 with p_value: 0.000
mean Y: 3.228
Restoring model weights from the end of the best epoch
Epoch 00020: early stopping
Restoring model weights from the end of the best epoch
Epoch 00015: early stopping
reject H0 with p_value: 0.007
Restoring model weights from the end of the best epoch
Epoch 00017: early stopping
Restoring model weights from the end of the best epoch
Epoch 00018: early stopping
reject H0 with p_value: 0.000
Restoring model weights from the end of the best epoch
Epoch 00020: early stopping
Restoring model weights from the end of the best epoch
Epoch 00020: early stopping
reject H0 with p_value: 0.000
Restoring model weights from the end of the best epoch
Epoch 00017: early stopping
Restoring model weights from the end of the best epoch
Epoch 00015: early stopping
reject H0 with p_value: 0.000
mean Y: 3.399
Restoring model weights from the end of the best epoch
Epoch 00021: early stopping
Restoring model weights from the end of the best epoch
Epoch 00017: early stopping
accept H0 with p_value: 0.711
Restoring model weights from the end of the best epoch
Epoch 00029: early stopping
Restoring model weights from the end of the best epoch
Epoch 00017: early stopping
reject H0 with p_value: 0.002
Restoring model weights from the end of the best epoch
Epoch 00017: early stopping
Restoring model weights from the end of the best epoch
Epoch 00015: early stopping
reject H0 with p_value: 0.000
Restoring model weights from the end of the best epoch
Epoch 00018: early stopping
Restoring model weights from the end of the best epoch
Epoch 00015: early stopping
reject H0 with p_value: 0.000
mean Y: 3.317
Restoring model weights from the end of the best epoch
Epoch 00017: early stopping
Restoring model weights from the end of the best epoch
Epoch 00018: early stopping
accept H0 with p_value: 0.211
Restoring model weights from the end of the best epoch
Epoch 00018: early stopping
Restoring model weights from the end of the best epoch
Epoch 00018: early stopping
reject H0 with p_value: 0.000
Restoring model weights from the end of the best epoch
Epoch 00021: early stopping
Restoring model weights from the end of the best epoch
Epoch 00015: early stopping
reject H0 with p_value: 0.000
Restoring model weights from the end of the best epoch
Epoch 00019: early stopping
Restoring model weights from the end of the best epoch
Epoch 00017: early stopping
reject H0 with p_value: 0.000
mean Y: 3.264
Restoring model weights from the end of the best epoch
Epoch 00023: early stopping
Restoring model weights from the end of the best epoch
Epoch 00017: early stopping
accept H0 with p_value: 0.928
Restoring model weights from the end of the best epoch
Epoch 00017: early stopping
Restoring model weights from the end of the best epoch
Epoch 00022: early stopping
accept H0 with p_value: 0.143
Restoring model weights from the end of the best epoch
Epoch 00022: early stopping
Restoring model weights from the end of the best epoch
Epoch 00020: early stopping
reject H0 with p_value: 0.000
Restoring model weights from the end of the best epoch
Epoch 00021: early stopping
Restoring model weights from the end of the best epoch
Epoch 00018: early stopping
reject H0 with p_value: 0.000
mean Y: 3.363
Restoring model weights from the end of the best epoch
Epoch 00018: early stopping
Restoring model weights from the end of the best epoch
Epoch 00021: early stopping
accept H0 with p_value: 0.315
Restoring model weights from the end of the best epoch
Epoch 00017: early stopping
Restoring model weights from the end of the best epoch
Epoch 00021: early stopping
reject H0 with p_value: 0.000
Restoring model weights from the end of the best epoch
Epoch 00021: early stopping
Restoring model weights from the end of the best epoch
Epoch 00019: early stopping
reject H0 with p_value: 0.000
Restoring model weights from the end of the best epoch
Epoch 00018: early stopping
Restoring model weights from the end of the best epoch
Epoch 00019: early stopping
reject H0 with p_value: 0.000
mean Y: 3.244
Restoring model weights from the end of the best epoch
Epoch 00021: early stopping
Restoring model weights from the end of the best epoch
Epoch 00018: early stopping
reject H0 with p_value: 0.027
Restoring model weights from the end of the best epoch
Epoch 00025: early stopping
Restoring model weights from the end of the best epoch
Epoch 00017: early stopping
reject H0 with p_value: 0.000
Restoring model weights from the end of the best epoch
Epoch 00019: early stopping
Restoring model weights from the end of the best epoch
Epoch 00019: early stopping
reject H0 with p_value: 0.000
Restoring model weights from the end of the best epoch
Epoch 00021: early stopping
Restoring model weights from the end of the best epoch
Epoch 00020: early stopping
reject H0 with p_value: 0.000
Type 1 error: 0.070
CASE 1: Power: 0.870
CASE 2: Power: 1.000
CASE 3: Power: 0.980
training sample: 1000; MSE: 1.924, MSE_mask: 1.840
